Unauthorized: /api/portfolio-types/
Unauthorized: /api/portfolio-stocks/
Unauthorized: /api/commodities/gold-silver-correlation/
[06/Mar/2026 13:14:12] "GET /api/portfolio-stocks/ HTTP/1.1" 401 183
[06/Mar/2026 13:14:12] "GET /api/portfolio-types/ HTTP/1.1" 401 183
[06/Mar/2026 13:14:12] "GET /api/commodities/gold-silver-correlation/ HTTP/1.1" 401 183
Unauthorized: /api/portfolio-stocks/
Unauthorized: /api/commodities/gold-silver-correlation/
[06/Mar/2026 13:14:12] "GET /api/commodities/gold-silver-correlation/ HTTP/1.1" 401 183
Unauthorized: /api/portfolio-types/
[06/Mar/2026 13:14:12] "GET /api/portfolio-stocks/ HTTP/1.1" 401 183
[06/Mar/2026 13:14:12] "GET /api/portfolio-types/ HTTP/1.1" 401 183
Unauthorized: /api/portfolio-types/
[06/Mar/2026 13:14:16] "GET /api/portfolio-types/ HTTP/1.1" 401 58
Unauthorized: /api/portfolio-stocks/
[06/Mar/2026 13:14:16] "GET /api/portfolio-stocks/ HTTP/1.1" 401 58
Unauthorized: /api/portfolio-types/
[06/Mar/2026 13:14:16] "GET /api/portfolio-types/ HTTP/1.1" 401 58
Unauthorized: /api/portfolio-stocks/
[06/Mar/2026 13:14:16] "GET /api/portfolio-stocks/ HTTP/1.1" 401 58
Unauthorized: /api/portfolio-types/
Unauthorized: /api/portfolio-stocks/
[06/Mar/2026 13:14:20] "GET /api/portfolio-types/ HTTP/1.1" 401 58
[06/Mar/2026 13:14:20] "GET /api/portfolio-stocks/ HTTP/1.1" 401 58
Unauthorized: /api/commodities/gold-silver-correlation/
[06/Mar/2026 13:14:20] "GET /api/commodities/gold-silver-correlation/ HTTP/1.1" 401 58
Unauthorized: /api/portfolio-types/
[06/Mar/2026 13:14:20] "GET /api/portfolio-types/ HTTP/1.1" 401 58
Unauthorized: /api/portfolio-stocks/
Unauthorized: /api/commodities/gold-silver-correlation/
[06/Mar/2026 13:14:20] "GET /api/portfolio-stocks/ HTTP/1.1" 401 58
[06/Mar/2026 13:14:20] "GET /api/commodities/gold-silver-correlation/ HTTP/1.1" 401 58
Unauthorized: /api/stock/risk-categorization/
[06/Mar/2026 13:14:24] "GET /api/stock/risk-categorization/ HTTP/1.1" 401 58
Unauthorized: /api/stock/risk-categorization/
[06/Mar/2026 13:14:24] "GET /api/stock/risk-categorization/ HTTP/1.1" 401 58
C:\Users\kpawa\AppData\Roaming\Python\Python313\site-packages\jwt\api_jwt.py:153: InsecureKeyLengthWarning: The HMAC key is 25 bytes long, which is below the minimum recommended length of 32 bytes for SHA256. See RFC 7518 Section 3.2.
  return self._jws.encode(
[06/Mar/2026 13:53:26] "POST /api/user/login/ HTTP/1.1" 200 556
C:\Users\kpawa\AppData\Roaming\Python\Python313\site-packages\jwt\api_jwt.py:371: InsecureKeyLengthWarning: The HMAC key is 25 bytes long, which is below the minimum recommended length of 32 bytes for SHA256. See RFC 7518 Section 3.2.
  decoded = self.decode_complete(
[06/Mar/2026 13:53:27] "GET /api/portfolio-types/ HTTP/1.1" 200 222
[06/Mar/2026 13:53:27] "GET /api/portfolio-stocks/ HTTP/1.1" 200 1087
[06/Mar/2026 13:53:27] "GET /api/portfolio-stocks/ HTTP/1.1" 200 1087
[06/Mar/2026 13:53:27] "GET /api/portfolio-stocks/ HTTP/1.1" 200 1087
[06/Mar/2026 13:53:27] "GET /api/portfolio-types/ HTTP/1.1" 200 222
[06/Mar/2026 13:53:27] "GET /api/portfolio-types/ HTTP/1.1" 200 222
[06/Mar/2026 13:53:27] "GET /api/portfolio-stocks/ HTTP/1.1" 200 1087
[06/Mar/2026 13:53:28] "POST /api/user/login/ HTTP/1.1" 200 556
Bad Request: /api/commodities/gold-silver-correlation/
Bad Request: /api/commodities/gold-silver-correlation/
Bad Request: /api/commodities/gold-silver-correlation/
[06/Mar/2026 13:53:35] "GET /api/commodities/gold-silver-correlation/ HTTP/1.1" 400 64
[06/Mar/2026 13:53:35] "GET /api/commodities/gold-silver-correlation/ HTTP/1.1" 400 64
[06/Mar/2026 13:53:35] "GET /api/commodities/gold-silver-correlation/ HTTP/1.1" 400 64

2 Failed downloads:
['RELIANCE.NS', 'HDFCBANK.NS']: YFRateLimitError('Too Many Requests. Rate limited. Try after a while.')
Bad Request: /api/commodities/gold-silver-correlation/
[06/Mar/2026 13:53:39] "GET /api/commodities/gold-silver-correlation/ HTTP/1.1" 400 64

2 Failed downloads:
['TCS.NS', 'HDFCBANK.NS']: YFRateLimitError('Too Many Requests. Rate limited. Try after a while.')

3 Failed downloads:
['TCS.NS', 'HDFCBANK.NS', 'BHARTIARTL.NS']: YFRateLimitError('Too Many Requests. Rate limited. Try after a while.')
C:\Users\kpawa\AppData\Roaming\Python\Python313\site-packages\jwt\api_jwt.py:371: InsecureKeyLengthWarning: The HMAC key is 25 bytes long, which is below the minimum recommended length of 32 bytes for SHA256. See RFC 7518 Section 3.2.
  decoded = self.decode_complete(
[06/Mar/2026 13:53:49] "GET /api/stocks/HDFCBANK.NS/analytics/ HTTP/1.1" 200 26846
C:\Users\kpawa\AppData\Roaming\Python\Python313\site-packages\jwt\api_jwt.py:371: InsecureKeyLengthWarning: The HMAC key is 25 bytes long, which is below the minimum recommended length of 32 bytes for SHA256. See RFC 7518 Section 3.2.
  decoded = self.decode_complete(
[06/Mar/2026 13:53:49] "GET /api/stocks/HDFCBANK.NS/analytics/ HTTP/1.1" 200 26846

4 Failed downloads:
['RELIANCE.NS', 'TCS.NS', 'HDFCBANK.NS', 'BHARTIARTL.NS']: YFRateLimitError('Too Many Requests. Rate limited. Try after a while.')

4 Failed downloads:
['RELIANCE.NS', 'TCS.NS', 'HDFCBANK.NS', 'BHARTIARTL.NS']: YFRateLimitError('Too Many Requests. Rate limited. Try after a while.')

4 Failed downloads:
['RELIANCE.NS', 'TCS.NS', 'HDFCBANK.NS', 'BHARTIARTL.NS']: YFRateLimitError('Too Many Requests. Rate limited. Try after a while.')
[06/Mar/2026 13:54:19] "GET /api/portfolio/pe-comparison/ HTTP/1.1" 200 172
[06/Mar/2026 13:54:32] "GET /api/portfolio/pe-comparison/ HTTP/1.1" 200 172
C:\Users\kpawa\AppData\Roaming\Python\Python313\site-packages\jwt\api_jwt.py:371: InsecureKeyLengthWarning: The HMAC key is 25 bytes long, which is below the minimum recommended length of 32 bytes for SHA256. See RFC 7518 Section 3.2.
  decoded = self.decode_complete(
[06/Mar/2026 13:56:13] "GET /api/stocks/HDFCBANK.NS/analytics/ HTTP/1.1" 200 26846
[06/Mar/2026 13:57:05] "GET /api/stocks/HDFCBANK.NS/analytics/ HTTP/1.1" 200 26846
[06/Mar/2026 13:57:05] "GET /api/stocks/HDFCBANK.NS/analytics/ HTTP/1.1" 200 26846

1 Failed download:
['HDFCBANK.NS']: YFRateLimitError('Too Many Requests. Rate limited. Try after a while.')

1 Failed download:
['HDFCBANK.NS']: YFRateLimitError('Too Many Requests. Rate limited. Try after a while.')
[06/Mar/2026 13:57:28] "GET /portfolio/trend-analysis/?token=eyJhbGciOiJIUzI1NiIsInR5cCI6IkpXVCJ9.eyJ0b2tlbl90eXBlIjoiYWNjZXNzIiwiZXhwIjoxNzcyNzg1NzA2LCJpYXQiOjE3NzI3ODU0MDYsImp0aSI6ImE2ZjVlNGY0M2QzYzQ3MDBiY2VlMzk2MTRmNTIyYWNiIiwidXNlcl9pZCI6MTN9.jPCi75YtvJJvjwbzHvDL0Fw7pckPvGa_3jVaiTefMts&symbol=HDFCBANK.NS HTTP/1.1" 200 19579
Not Found: /favicon.ico
[06/Mar/2026 13:57:29] "GET /favicon.ico HTTP/1.1" 404 3691
Not Found: /api/
[06/Mar/2026 13:57:59] "GET /api/ HTTP/1.1" 404 7546
C:\Users\kpawa\AppData\Roaming\Python\Python313\site-packages\jwt\api_jwt.py:371: InsecureKeyLengthWarning:

The HMAC key is 25 bytes long, which is below the minimum recommended length of 32 bytes for SHA256. See RFC 7518 Section 3.2.

[06/Mar/2026 13:58:07] "GET /api/portfolio-types/ HTTP/1.1" 200 222
[06/Mar/2026 13:58:07] "GET /api/portfolio-stocks/ HTTP/1.1" 200 1087
[06/Mar/2026 13:58:07] "GET /api/portfolio-types/ HTTP/1.1" 200 222
[06/Mar/2026 13:58:07] "GET /api/portfolio-stocks/ HTTP/1.1" 200 1087
Bad Request: /api/commodities/gold-silver-correlation/
[06/Mar/2026 13:58:09] "GET /api/commodities/gold-silver-correlation/ HTTP/1.1" 400 64
Bad Request: /api/commodities/gold-silver-correlation/
[06/Mar/2026 13:58:12] "GET /api/commodities/gold-silver-correlation/ HTTP/1.1" 400 64

1 Failed download:
['BHARTIARTL.NS']: YFRateLimitError('Too Many Requests. Rate limited. Try after a while.')
C:\Users\kpawa\AppData\Roaming\Python\Python313\site-packages\jwt\api_jwt.py:371: InsecureKeyLengthWarning:

The HMAC key is 25 bytes long, which is below the minimum recommended length of 32 bytes for SHA256. See RFC 7518 Section 3.2.

Unauthorized: /api/portfolio/pe-comparison/
[06/Mar/2026 13:58:27] "GET /api/portfolio/pe-comparison/ HTTP/1.1" 401 183
C:\Users\kpawa\AppData\Roaming\Python\Python313\site-packages\jwt\api_jwt.py:153: InsecureKeyLengthWarning:

The HMAC key is 25 bytes long, which is below the minimum recommended length of 32 bytes for SHA256. See RFC 7518 Section 3.2.

[06/Mar/2026 13:58:27] "POST /api/user/token/refresh/ HTTP/1.1" 200 242
[06/Mar/2026 13:58:27] "GET /api/portfolio-types/ HTTP/1.1" 200 222
[06/Mar/2026 13:58:27] "GET /api/portfolio-stocks/ HTTP/1.1" 200 1087
[06/Mar/2026 13:58:27] "GET /api/portfolio-types/ HTTP/1.1" 200 222
[06/Mar/2026 13:58:27] "GET /api/portfolio-stocks/ HTTP/1.1" 200 1087

4 Failed downloads:
['RELIANCE.NS', 'TCS.NS', 'HDFCBANK.NS', 'BHARTIARTL.NS']: YFRateLimitError('Too Many Requests. Rate limited. Try after a while.')
C:\Users\kpawa\AppData\Roaming\Python\Python313\site-packages\jwt\api_jwt.py:371: InsecureKeyLengthWarning:

The HMAC key is 25 bytes long, which is below the minimum recommended length of 32 bytes for SHA256. See RFC 7518 Section 3.2.

[06/Mar/2026 13:58:30] "GET /api/portfolio-types/ HTTP/1.1" 200 222
[06/Mar/2026 13:58:30] "GET /api/portfolio-stocks/ HTTP/1.1" 200 1087
[06/Mar/2026 13:58:30] "GET /api/portfolio-types/ HTTP/1.1" 200 222
[06/Mar/2026 13:58:30] "GET /api/portfolio-stocks/ HTTP/1.1" 200 1087
Bad Request: /api/commodities/gold-silver-correlation/
[06/Mar/2026 13:58:30] "GET /api/commodities/gold-silver-correlation/ HTTP/1.1" 400 64
Unauthorized: /api/portfolio/clustering/
[06/Mar/2026 13:58:33] "GET /api/portfolio/clustering/?k=3&method=pca HTTP/1.1" 401 183
C:\Users\kpawa\AppData\Roaming\Python\Python313\site-packages\jwt\api_jwt.py:153: InsecureKeyLengthWarning:

The HMAC key is 25 bytes long, which is below the minimum recommended length of 32 bytes for SHA256. See RFC 7518 Section 3.2.

[06/Mar/2026 13:58:33] "POST /api/user/token/refresh/ HTTP/1.1" 200 242
Bad Request: /api/commodities/gold-silver-correlation/

4 Failed downloads:
['RELIANCE.NS', 'TCS.NS', 'HDFCBANK.NS', 'BHARTIARTL.NS']: YFRateLimitError('Too Many Requests. Rate limited. Try after a while.')
[06/Mar/2026 13:58:34] "GET /api/commodities/gold-silver-correlation/ HTTP/1.1" 400 64

4 Failed downloads:
['RELIANCE.NS', 'TCS.NS', 'HDFCBANK.NS', 'BHARTIARTL.NS']: YFRateLimitError('Too Many Requests. Rate limited. Try after a while.')
C:\Users\kpawa\AppData\Roaming\Python\Python313\site-packages\jwt\api_jwt.py:371: InsecureKeyLengthWarning:

The HMAC key is 25 bytes long, which is below the minimum recommended length of 32 bytes for SHA256. See RFC 7518 Section 3.2.


4 Failed downloads:
['RELIANCE.NS', 'TCS.NS', 'HDFCBANK.NS', 'BHARTIARTL.NS']: YFRateLimitError('Too Many Requests. Rate limited. Try after a while.')
Bad Request: /api/commodities/gold-silver-correlation/
[06/Mar/2026 13:58:38] "GET /api/commodities/gold-silver-correlation/ HTTP/1.1" 400 64
C:\Users\kpawa\AppData\Roaming\Python\Python313\site-packages\jwt\api_jwt.py:371: InsecureKeyLengthWarning:

The HMAC key is 25 bytes long, which is below the minimum recommended length of 32 bytes for SHA256. See RFC 7518 Section 3.2.

Bad Request: /api/commodities/gold-silver-correlation/
[06/Mar/2026 13:58:41] "GET /api/commodities/gold-silver-correlation/ HTTP/1.1" 400 64
[06/Mar/2026 13:58:43] "GET /api/portfolio/clustering/?k=3&method=pca HTTP/1.1" 200 197
C:\Users\kpawa\AppData\Roaming\Python\Python313\site-packages\jwt\api_jwt.py:371: InsecureKeyLengthWarning:

The HMAC key is 25 bytes long, which is below the minimum recommended length of 32 bytes for SHA256. See RFC 7518 Section 3.2.

[06/Mar/2026 13:58:47] "GET /api/portfolio/clustering/?k=2&method=umap HTTP/1.1" 200 197
[06/Mar/2026 13:58:47] "GET /api/portfolio/clustering/?k=2&method=pca HTTP/1.1" 200 197

2 Failed downloads:
['RELIANCE.NS', 'TCS']: YFRateLimitError('Too Many Requests. Rate limited. Try after a while.')

3 Failed downloads:
['TCS.NS', 'RELIANCE.NS', 'TCS']: YFRateLimitError('Too Many Requests. Rate limited. Try after a while.')

5 Failed downloads:
['TCS.NS', 'RELIANCE.NS', 'TCS', 'HDFCBANK.NS', 'BHARTIARTL.NS']: YFRateLimitError('Too Many Requests. Rate limited. Try after a while.')
[06/Mar/2026 13:58:54] "GET /api/portfolio/pe-comparison/ HTTP/1.1" 200 172
C:\Users\kpawa\AppData\Roaming\Python\Python313\site-packages\jwt\api_jwt.py:371: InsecureKeyLengthWarning:

The HMAC key is 25 bytes long, which is below the minimum recommended length of 32 bytes for SHA256. See RFC 7518 Section 3.2.

Bad Request: /api/stock/forecast/
[06/Mar/2026 13:58:55] "POST /api/stock/forecast/ HTTP/1.1" 400 63
C:\Users\kpawa\AppData\Roaming\Python\Python313\site-packages\jwt\api_jwt.py:371: InsecureKeyLengthWarning:

The HMAC key is 25 bytes long, which is below the minimum recommended length of 32 bytes for SHA256. See RFC 7518 Section 3.2.


2 Failed downloads:
['RELIANCE.NS', 'BHARTIARTL.NS']: YFRateLimitError('Too Many Requests. Rate limited. Try after a while.')

4 Failed downloads:
['RELIANCE.NS', 'TCS.NS', 'HDFCBANK.NS', 'BHARTIARTL.NS']: YFRateLimitError('Too Many Requests. Rate limited. Try after a while.')

1 Failed download:
['HDFCBANK.NS']: YFRateLimitError('Too Many Requests. Rate limited. Try after a while.')
[06/Mar/2026 13:59:05] "GET /api/portfolio/clustering/?k=3&method=pca HTTP/1.1" 200 197
C:\Users\kpawa\AppData\Roaming\Python\Python313\site-packages\jwt\api_jwt.py:371: InsecureKeyLengthWarning:

The HMAC key is 25 bytes long, which is below the minimum recommended length of 32 bytes for SHA256. See RFC 7518 Section 3.2.


2 Failed downloads:
['RELIANCE.NS', 'BHARTIARTL.NS']: YFRateLimitError('Too Many Requests. Rate limited. Try after a while.')

2 Failed downloads:
['RELIANCE.NS', 'BHARTIARTL.NS']: YFRateLimitError('Too Many Requests. Rate limited. Try after a while.')

2 Failed downloads:
['RELIANCE.NS', 'BHARTIARTL.NS']: YFRateLimitError('Too Many Requests. Rate limited. Try after a while.')
[06/Mar/2026 13:59:18] "GET /api/portfolio/clustering/?k=3&method=pca HTTP/1.1" 200 197

4 Failed downloads:
['RELIANCE.NS', 'BHARTIARTL.NS', 'TCS.NS', 'HDFCBANK.NS']: YFRateLimitError('Too Many Requests. Rate limited. Try after a while.')
C:\Users\kpawa\AppData\Roaming\Python\Python313\site-packages\jwt\api_jwt.py:371: InsecureKeyLengthWarning:

The HMAC key is 25 bytes long, which is below the minimum recommended length of 32 bytes for SHA256. See RFC 7518 Section 3.2.


4 Failed downloads:
['RELIANCE.NS', 'BHARTIARTL.NS', 'TCS.NS', 'HDFCBANK.NS']: YFRateLimitError('Too Many Requests. Rate limited. Try after a while.')
[06/Mar/2026 13:59:27] "GET /api/portfolio/pe-comparison/ HTTP/1.1" 200 172
[06/Mar/2026 13:59:27] "GET /api/portfolio/pe-comparison/ HTTP/1.1" 200 172
[06/Mar/2026 13:59:29] "GET /api/portfolio/pe-comparison/ HTTP/1.1" 200 172

4 Failed downloads:
['RELIANCE.NS', 'TCS.NS', 'HDFCBANK.NS', 'BHARTIARTL.NS']: YFRateLimitError('Too Many Requests. Rate limited. Try after a while.')

4 Failed downloads:
['RELIANCE.NS', 'TCS.NS', 'HDFCBANK.NS', 'BHARTIARTL.NS']: YFRateLimitError('Too Many Requests. Rate limited. Try after a while.')
[06/Mar/2026 13:59:36] "GET /api/portfolio/pe-comparison/ HTTP/1.1" 200 172
[06/Mar/2026 13:59:40] "GET /api/portfolio/clustering/?k=3&method=pca HTTP/1.1" 200 197
[06/Mar/2026 14:00:02] "GET /api/portfolio/pe-comparison/ HTTP/1.1" 200 172
C:\Users\kpawa\AppData\Roaming\Python\Python313\site-packages\jwt\api_jwt.py:371: InsecureKeyLengthWarning:

The HMAC key is 25 bytes long, which is below the minimum recommended length of 32 bytes for SHA256. See RFC 7518 Section 3.2.

[06/Mar/2026 14:03:18] "GET /api/portfolio-stocks/ HTTP/1.1" 200 1087
[06/Mar/2026 14:03:18] "GET /api/portfolio-stocks/ HTTP/1.1" 200 1087
Bad Request: /api/stock/compare/
[06/Mar/2026 14:03:30] "POST /api/stock/compare/ HTTP/1.1" 400 64
Bad Request: /api/stock/compare/
[06/Mar/2026 14:03:33] "POST /api/stock/compare/ HTTP/1.1" 400 64
Bad Request: /api/stock/compare/
[06/Mar/2026 14:03:33] "POST /api/stock/compare/ HTTP/1.1" 400 64
Bad Request: /api/stock/compare/
[06/Mar/2026 14:03:33] "POST /api/stock/compare/ HTTP/1.1" 400 64
Unauthorized: /api/portfolio-types/
Unauthorized: /api/portfolio-stocks/
Unauthorized: /api/commodities/gold-silver-correlation/
[06/Mar/2026 14:03:35] "GET /api/commodities/gold-silver-correlation/ HTTP/1.1" 401 183
[06/Mar/2026 14:03:35] "GET /api/portfolio-stocks/ HTTP/1.1" 401 183
[06/Mar/2026 14:03:35] "GET /api/portfolio-types/ HTTP/1.1" 401 183
Unauthorized: /api/commodities/gold-silver-correlation/
[06/Mar/2026 14:03:35] "GET /api/commodities/gold-silver-correlation/ HTTP/1.1" 401 183
Unauthorized: /api/portfolio-stocks/
[06/Mar/2026 14:03:35] "GET /api/portfolio-stocks/ HTTP/1.1" 401 183
Unauthorized: /api/portfolio-types/
[06/Mar/2026 14:03:35] "GET /api/portfolio-types/ HTTP/1.1" 401 183
C:\Users\kpawa\AppData\Roaming\Python\Python313\site-packages\jwt\api_jwt.py:153: InsecureKeyLengthWarning:

The HMAC key is 25 bytes long, which is below the minimum recommended length of 32 bytes for SHA256. See RFC 7518 Section 3.2.

[06/Mar/2026 14:03:35] "POST /api/user/token/refresh/ HTTP/1.1" 200 242
[06/Mar/2026 14:03:35] "GET /api/portfolio-stocks/ HTTP/1.1" 200 1087
[06/Mar/2026 14:03:35] "GET /api/portfolio-types/ HTTP/1.1" 200 222
[06/Mar/2026 14:03:35] "GET /api/portfolio-stocks/ HTTP/1.1" 200 1087
[06/Mar/2026 14:03:35] "GET /api/portfolio-types/ HTTP/1.1" 200 222
[06/Mar/2026 14:03:38] "GET /api/portfolio-types/ HTTP/1.1" 200 222
[06/Mar/2026 14:03:38] "GET /api/portfolio-stocks/ HTTP/1.1" 200 1087
[06/Mar/2026 14:03:38] "GET /api/portfolio-types/ HTTP/1.1" 200 222
[06/Mar/2026 14:03:38] "GET /api/portfolio-stocks/ HTTP/1.1" 200 1087
Bad Request: /api/commodities/gold-silver-correlation/
[06/Mar/2026 14:03:38] "GET /api/commodities/gold-silver-correlation/ HTTP/1.1" 400 64
Bad Request: /api/commodities/gold-silver-correlation/
[06/Mar/2026 14:03:42] "GET /api/commodities/gold-silver-correlation/ HTTP/1.1" 400 64
Bad Request: /api/commodities/gold-silver-correlation/
[06/Mar/2026 14:03:45] "GET /api/commodities/gold-silver-correlation/ HTTP/1.1" 400 64
Bad Request: /api/portfolio/compare/
Bad Request: /api/commodities/gold-silver-correlation/
[06/Mar/2026 14:03:48] "POST /api/portfolio/compare/ HTTP/1.1" 400 64
[06/Mar/2026 14:03:48] "GET /api/commodities/gold-silver-correlation/ HTTP/1.1" 400 64

4 Failed downloads:
['RELIANCE.NS', 'TCS.NS', 'HDFCBANK.NS', 'BHARTIARTL.NS']: YFRateLimitError('Too Many Requests. Rate limited. Try after a while.')

4 Failed downloads:
['RELIANCE.NS', 'TCS.NS', 'HDFCBANK.NS', 'BHARTIARTL.NS']: YFRateLimitError('Too Many Requests. Rate limited. Try after a while.')
C:\Users\kpawa\AppData\Roaming\Python\Python313\site-packages\jwt\api_jwt.py:371: InsecureKeyLengthWarning:

The HMAC key is 25 bytes long, which is below the minimum recommended length of 32 bytes for SHA256. See RFC 7518 Section 3.2.


4 Failed downloads:
['RELIANCE.NS', 'HDFCBANK.NS', 'BHARTIARTL.NS', 'TCS.NS']: YFRateLimitError('Too Many Requests. Rate limited. Try after a while.')
[06/Mar/2026 14:04:01] "GET /api/portfolio/clustering/?k=3&method=pca HTTP/1.1" 200 197

4 Failed downloads:
['RELIANCE.NS', 'HDFCBANK.NS', 'BHARTIARTL.NS', 'TCS.NS']: YFRateLimitError('Too Many Requests. Rate limited. Try after a while.')

4 Failed downloads:
['RELIANCE.NS', 'HDFCBANK.NS', 'BHARTIARTL.NS', 'TCS.NS']: YFRateLimitError('Too Many Requests. Rate limited. Try after a while.')

2 Failed downloads:
['RELIANCE.NS', 'BHARTIARTL.NS']: YFRateLimitError('Too Many Requests. Rate limited. Try after a while.')

1 Failed download:
['BHARTIARTL.NS']: YFRateLimitError('Too Many Requests. Rate limited. Try after a while.')
[06/Mar/2026 14:04:21] "GET /api/portfolio/pe-comparison/ HTTP/1.1" 200 172

4 Failed downloads:
[06/Mar/2026 14:04:22] "GET /api/portfolio/clustering/?k=3&method=pca HTTP/1.1" 200 197
['TCS.NS', 'RELIANCE.NS', 'HDFCBANK.NS', 'BHARTIARTL.NS']: YFRateLimitError('Too Many Requests. Rate limited. Try after a while.')

4 Failed downloads:

4 Failed downloads:
['TCS.NS', 'RELIANCE.NS', 'HDFCBANK.NS', 'BHARTIARTL.NS']: YFRateLimitError('Too Many Requests. Rate limited. Try after a while.')
['TCS.NS', 'RELIANCE.NS', 'HDFCBANK.NS', 'BHARTIARTL.NS']: YFRateLimitError('Too Many Requests. Rate limited. Try after a while.')
[06/Mar/2026 14:04:49] "GET /api/portfolio/pe-comparison/ HTTP/1.1" 200 172
[06/Mar/2026 14:04:55] "GET /api/portfolio/pe-comparison/ HTTP/1.1" 200 172
[06/Mar/2026 14:04:55] "GET /api/portfolio/pe-comparison/ HTTP/1.1" 200 172
C:\Users\kpawa\AppData\Roaming\Python\Python313\site-packages\jwt\api_jwt.py:371: InsecureKeyLengthWarning:

The HMAC key is 25 bytes long, which is below the minimum recommended length of 32 bytes for SHA256. See RFC 7518 Section 3.2.

[06/Mar/2026 14:05:11] "GET /api/portfolio-types/ HTTP/1.1" 200 222
[06/Mar/2026 14:05:11] "GET /api/portfolio-stocks/ HTTP/1.1" 200 1087
[06/Mar/2026 14:05:11] "GET /api/portfolio-types/ HTTP/1.1" 200 222
[06/Mar/2026 14:05:11] "GET /api/portfolio-stocks/ HTTP/1.1" 200 1087

1 Failed download:
['BHARTIARTL.NS']: YFRateLimitError('Too Many Requests. Rate limited. Try after a while.')

1 Failed download:
['BHARTIARTL.NS']: YFRateLimitError('Too Many Requests. Rate limited. Try after a while.')
C:\Users\kpawa\AppData\Roaming\Python\Python313\site-packages\jwt\api_jwt.py:371: InsecureKeyLengthWarning:

The HMAC key is 25 bytes long, which is below the minimum recommended length of 32 bytes for SHA256. See RFC 7518 Section 3.2.


1 Failed download:
['BHARTIARTL.NS']: YFRateLimitError('Too Many Requests. Rate limited. Try after a while.')
[06/Mar/2026 14:05:52] "GET /api/stocks/BHARTIARTL.NS/analytics/ HTTP/1.1" 200 26959

1 Failed download:
['BHARTIARTL.NS']: YFRateLimitError('Too Many Requests. Rate limited. Try after a while.')
[06/Mar/2026 14:06:11] "GET /api/stocks/BHARTIARTL.NS/analytics/ HTTP/1.1" 200 27201
C:\Users\kpawa\AppData\Roaming\Python\Python313\site-packages\jwt\api_jwt.py:371: InsecureKeyLengthWarning:

The HMAC key is 25 bytes long, which is below the minimum recommended length of 32 bytes for SHA256. See RFC 7518 Section 3.2.

Unauthorized: /api/stocks/BHARTIARTL.NS/analytics/
[06/Mar/2026 14:27:55] "GET /api/stocks/BHARTIARTL.NS/analytics/ HTTP/1.1" 401 183
Unauthorized: /api/stocks/BHARTIARTL.NS/analytics/
[06/Mar/2026 14:27:55] "GET /api/stocks/BHARTIARTL.NS/analytics/ HTTP/1.1" 401 183
C:\Users\kpawa\AppData\Roaming\Python\Python313\site-packages\jwt\api_jwt.py:153: InsecureKeyLengthWarning:

The HMAC key is 25 bytes long, which is below the minimum recommended length of 32 bytes for SHA256. See RFC 7518 Section 3.2.

[06/Mar/2026 14:27:55] "POST /api/user/token/refresh/ HTTP/1.1" 200 242

1 Failed download:
['BHARTIARTL.NS']: YFRateLimitError('Too Many Requests. Rate limited. Try after a while.')

1 Failed download:
['BHARTIARTL.NS']: YFRateLimitError('Too Many Requests. Rate limited. Try after a while.')
C:\Users\kpawa\AppData\Roaming\Python\Python313\site-packages\jwt\api_jwt.py:371: InsecureKeyLengthWarning:

The HMAC key is 25 bytes long, which is below the minimum recommended length of 32 bytes for SHA256. See RFC 7518 Section 3.2.

[06/Mar/2026 14:28:04] "GET /api/portfolio-types/ HTTP/1.1" 200 222
[06/Mar/2026 14:28:04] "GET /api/portfolio-stocks/ HTTP/1.1" 200 1087
[06/Mar/2026 14:28:04] "GET /api/portfolio-types/ HTTP/1.1" 200 222
[06/Mar/2026 14:28:04] "GET /api/portfolio-stocks/ HTTP/1.1" 200 1087

1 Failed download:
['BHARTIARTL.NS']: YFRateLimitError('Too Many Requests. Rate limited. Try after a while.')
C:\Users\kpawa\AppData\Roaming\Python\Python313\site-packages\jwt\api_jwt.py:371: InsecureKeyLengthWarning:

The HMAC key is 25 bytes long, which is below the minimum recommended length of 32 bytes for SHA256. See RFC 7518 Section 3.2.


2 Failed downloads:
['RELIANCE.NS', 'BHARTIARTL.NS']: YFRateLimitError('Too Many Requests. Rate limited. Try after a while.')
Bad Request: /api/commodities/gold-silver-correlation/
[06/Mar/2026 14:28:13] "GET /api/commodities/gold-silver-correlation/ HTTP/1.1" 400 64
C:\Users\kpawa\AppData\Roaming\Python\Python313\site-packages\jwt\api_jwt.py:371: InsecureKeyLengthWarning:

The HMAC key is 25 bytes long, which is below the minimum recommended length of 32 bytes for SHA256. See RFC 7518 Section 3.2.

[06/Mar/2026 14:28:16] "GET /api/stocks/BHARTIARTL.NS/analytics/ HTTP/1.1" 200 27208
Bad Request: /api/commodities/gold-silver-correlation/
[06/Mar/2026 14:28:18] "GET /api/commodities/gold-silver-correlation/ HTTP/1.1" 400 64

4 Failed downloads:
['RELIANCE.NS', 'BHARTIARTL.NS', 'TCS.NS', 'HDFCBANK.NS']: YFRateLimitError('Too Many Requests. Rate limited. Try after a while.')
C:\Users\kpawa\AppData\Roaming\Python\Python313\site-packages\jwt\api_jwt.py:371: InsecureKeyLengthWarning:

The HMAC key is 25 bytes long, which is below the minimum recommended length of 32 bytes for SHA256. See RFC 7518 Section 3.2.

[06/Mar/2026 14:28:22] "GET /api/stocks/BHARTIARTL.NS/analytics/ HTTP/1.1" 200 27208
[06/Mar/2026 14:28:25] "GET /api/stocks/BHARTIARTL.NS/analytics/ HTTP/1.1" 200 26967

4 Failed downloads:
['RELIANCE.NS', 'TCS.NS', 'HDFCBANK.NS', 'BHARTIARTL.NS']: YFRateLimitError('Too Many Requests. Rate limited. Try after a while.')

4 Failed downloads:
['RELIANCE.NS', 'TCS.NS', 'HDFCBANK.NS', 'BHARTIARTL.NS']: YFRateLimitError('Too Many Requests. Rate limited. Try after a while.')

4 Failed downloads:
['RELIANCE.NS', 'TCS.NS', 'HDFCBANK.NS', 'BHARTIARTL.NS']: YFRateLimitError('Too Many Requests. Rate limited. Try after a while.')
[06/Mar/2026 14:28:54] "GET /api/portfolio/pe-comparison/ HTTP/1.1" 200 172
[06/Mar/2026 14:29:05] "GET /api/portfolio/pe-comparison/ HTTP/1.1" 200 172
C:\Users\kpawa\AppData\Roaming\Python\Python313\site-packages\jwt\api_jwt.py:371: InsecureKeyLengthWarning:

The HMAC key is 25 bytes long, which is below the minimum recommended length of 32 bytes for SHA256. See RFC 7518 Section 3.2.

[06/Mar/2026 14:29:41] "GET /api/portfolio-types/ HTTP/1.1" 200 222
[06/Mar/2026 14:29:41] "GET /api/portfolio-stocks/ HTTP/1.1" 200 1087
[06/Mar/2026 14:29:41] "GET /api/portfolio-types/ HTTP/1.1" 200 222
[06/Mar/2026 14:29:41] "GET /api/portfolio-stocks/ HTTP/1.1" 200 1087

4 Failed downloads:
['RELIANCE.NS', 'TCS.NS', 'HDFCBANK.NS', 'BHARTIARTL.NS']: YFRateLimitError('Too Many Requests. Rate limited. Try after a while.')
C:\Users\kpawa\AppData\Roaming\Python\Python313\site-packages\jwt\api_jwt.py:371: InsecureKeyLengthWarning:

The HMAC key is 25 bytes long, which is below the minimum recommended length of 32 bytes for SHA256. See RFC 7518 Section 3.2.

[06/Mar/2026 14:29:54] "GET /api/portfolio-types/ HTTP/1.1" 200 222
[06/Mar/2026 14:29:54] "GET /api/portfolio-stocks/ HTTP/1.1" 200 1087
[06/Mar/2026 14:29:54] "GET /api/portfolio-types/ HTTP/1.1" 200 222
[06/Mar/2026 14:29:54] "GET /api/portfolio-stocks/ HTTP/1.1" 200 1087
[06/Mar/2026 14:29:59] "GET /api/portfolio-types/ HTTP/1.1" 200 222
[06/Mar/2026 14:29:59] "GET /api/portfolio-stocks/ HTTP/1.1" 200 1087
[06/Mar/2026 14:29:59] "GET /api/portfolio-types/ HTTP/1.1" 200 222
[06/Mar/2026 14:29:59] "GET /api/portfolio-stocks/ HTTP/1.1" 200 1087

3 Failed downloads:
['HDFCBANK.NS', 'RELIANCE.NS', 'BHARTIARTL.NS']: YFRateLimitError('Too Many Requests. Rate limited. Try after a while.')

4 Failed downloads:
['HDFCBANK.NS', 'RELIANCE.NS', 'BHARTIARTL.NS', 'TCS.NS']: YFRateLimitError('Too Many Requests. Rate limited. Try after a while.')
C:\Users\kpawa\AppData\Roaming\Python\Python313\site-packages\jwt\api_jwt.py:371: InsecureKeyLengthWarning:

The HMAC key is 25 bytes long, which is below the minimum recommended length of 32 bytes for SHA256. See RFC 7518 Section 3.2.

[06/Mar/2026 14:30:25] "GET /api/portfolio/pe-comparison/ HTTP/1.1" 200 172

4 Failed downloads:
['RELIANCE.NS', 'TCS.NS', 'HDFCBANK.NS', 'BHARTIARTL.NS']: YFRateLimitError('Too Many Requests. Rate limited. Try after a while.')

4 Failed downloads:
['RELIANCE.NS', 'TCS.NS', 'HDFCBANK.NS', 'BHARTIARTL.NS']: YFRateLimitError('Too Many Requests. Rate limited. Try after a while.')

1 Failed download:
['BHARTIARTL.NS']: YFRateLimitError('Too Many Requests. Rate limited. Try after a while.')

4 Failed downloads:
['RELIANCE.NS', 'TCS.NS', 'HDFCBANK.NS', 'BHARTIARTL.NS']: YFRateLimitError('Too Many Requests. Rate limited. Try after a while.')

4 Failed downloads:
['RELIANCE.NS', 'TCS.NS', 'HDFCBANK.NS', 'BHARTIARTL.NS']: YFRateLimitError('Too Many Requests. Rate limited. Try after a while.')
[06/Mar/2026 14:30:59] "GET /api/portfolio/pe-comparison/ HTTP/1.1" 200 172
[06/Mar/2026 14:31:14] "GET /api/portfolio/pe-comparison/ HTTP/1.1" 200 172
[06/Mar/2026 14:31:14] "GET /api/portfolio/pe-comparison/ HTTP/1.1" 200 172
C:\Users\kpawa\AppData\Roaming\Python\Python313\site-packages\jwt\api_jwt.py:371: InsecureKeyLengthWarning:

The HMAC key is 25 bytes long, which is below the minimum recommended length of 32 bytes for SHA256. See RFC 7518 Section 3.2.

Unauthorized: /api/portfolio-types/
[06/Mar/2026 14:38:04] "GET /api/portfolio-types/ HTTP/1.1" 401 183
Unauthorized: /api/portfolio-stocks/
[06/Mar/2026 14:38:04] "GET /api/portfolio-stocks/ HTTP/1.1" 401 183
Unauthorized: /api/portfolio-types/
[06/Mar/2026 14:38:04] "GET /api/portfolio-types/ HTTP/1.1" 401 183
Unauthorized: /api/portfolio-stocks/
C:\Users\kpawa\AppData\Roaming\Python\Python313\site-packages\jwt\api_jwt.py:153: InsecureKeyLengthWarning:

The HMAC key is 25 bytes long, which is below the minimum recommended length of 32 bytes for SHA256. See RFC 7518 Section 3.2.

[06/Mar/2026 14:38:04] "GET /api/portfolio-stocks/ HTTP/1.1" 401 183
[06/Mar/2026 14:38:04] "POST /api/user/token/refresh/ HTTP/1.1" 200 242
[06/Mar/2026 14:38:04] "GET /api/portfolio-types/ HTTP/1.1" 200 222
[06/Mar/2026 14:38:04] "GET /api/portfolio-stocks/ HTTP/1.1" 200 1087
[06/Mar/2026 14:38:04] "GET /api/portfolio-types/ HTTP/1.1" 200 222
[06/Mar/2026 14:38:04] "GET /api/portfolio-stocks/ HTTP/1.1" 200 1087

4 Failed downloads:
['RELIANCE.NS', 'TCS.NS', 'HDFCBANK.NS', 'BHARTIARTL.NS']: YFRateLimitError('Too Many Requests. Rate limited. Try after a while.')
C:\Users\kpawa\AppData\Roaming\Python\Python313\site-packages\jwt\api_jwt.py:371: InsecureKeyLengthWarning:

The HMAC key is 25 bytes long, which is below the minimum recommended length of 32 bytes for SHA256. See RFC 7518 Section 3.2.


1 Failed download:
['BHARTIARTL.NS']: YFRateLimitError('Too Many Requests. Rate limited. Try after a while.')

4 Failed downloads:
['BHARTIARTL.NS', 'RELIANCE.NS', 'TCS.NS', 'HDFCBANK.NS']: YFRateLimitError('Too Many Requests. Rate limited. Try after a while.')
[06/Mar/2026 14:38:47] "GET /api/portfolio/pe-comparison/ HTTP/1.1" 200 172

4 Failed downloads:
['RELIANCE.NS', 'TCS.NS', 'HDFCBANK.NS', 'BHARTIARTL.NS']: YFRateLimitError('Too Many Requests. Rate limited. Try after a while.')
[06/Mar/2026 14:39:09] "GET /api/portfolio/pe-comparison/ HTTP/1.1" 200 172
C:\Users\kpawa\AppData\Roaming\Python\Python313\site-packages\jwt\api_jwt.py:371: InsecureKeyLengthWarning:

The HMAC key is 25 bytes long, which is below the minimum recommended length of 32 bytes for SHA256. See RFC 7518 Section 3.2.

[06/Mar/2026 14:40:42] "GET /api/portfolio-types/ HTTP/1.1" 200 222
[06/Mar/2026 14:40:42] "GET /api/portfolio-stocks/ HTTP/1.1" 200 1087
[06/Mar/2026 14:40:42] "GET /api/portfolio-types/ HTTP/1.1" 200 222
[06/Mar/2026 14:40:42] "GET /api/portfolio-stocks/ HTTP/1.1" 200 1087

4 Failed downloads:
['RELIANCE.NS', 'TCS.NS', 'HDFCBANK.NS', 'BHARTIARTL.NS']: YFRateLimitError('Too Many Requests. Rate limited. Try after a while.')
C:\Users\kpawa\AppData\Roaming\Python\Python313\site-packages\jwt\api_jwt.py:371: InsecureKeyLengthWarning:

The HMAC key is 25 bytes long, which is below the minimum recommended length of 32 bytes for SHA256. See RFC 7518 Section 3.2.


1 Failed download:
['BHARTIARTL.NS']: YFRateLimitError('Too Many Requests. Rate limited. Try after a while.')

4 Failed downloads:
['BHARTIARTL.NS', 'RELIANCE.NS', 'TCS.NS', 'HDFCBANK.NS']: YFRateLimitError('Too Many Requests. Rate limited. Try after a while.')
[06/Mar/2026 14:41:19] "GET /api/portfolio/pe-comparison/ HTTP/1.1" 200 172

4 Failed downloads:
['RELIANCE.NS', 'TCS.NS', 'HDFCBANK.NS', 'BHARTIARTL.NS']: YFRateLimitError('Too Many Requests. Rate limited. Try after a while.')
[06/Mar/2026 14:41:40] "GET /api/portfolio/pe-comparison/ HTTP/1.1" 200 172
C:\Users\kpawa\AppData\Roaming\Python\Python313\site-packages\jwt\api_jwt.py:371: InsecureKeyLengthWarning:

The HMAC key is 25 bytes long, which is below the minimum recommended length of 32 bytes for SHA256. See RFC 7518 Section 3.2.

Unauthorized: /api/stock/risk-categorization/
[06/Mar/2026 14:43:20] "GET /api/stock/risk-categorization/ HTTP/1.1" 401 183
Unauthorized: /api/stock/risk-categorization/
[06/Mar/2026 14:43:20] "GET /api/stock/risk-categorization/ HTTP/1.1" 401 183
C:\Users\kpawa\AppData\Roaming\Python\Python313\site-packages\jwt\api_jwt.py:153: InsecureKeyLengthWarning:

The HMAC key is 25 bytes long, which is below the minimum recommended length of 32 bytes for SHA256. See RFC 7518 Section 3.2.

[06/Mar/2026 14:43:20] "POST /api/user/token/refresh/ HTTP/1.1" 200 242

1 Failed download:
['BHARTIARTL.NS']: YFRateLimitError('Too Many Requests. Rate limited. Try after a while.')

1 Failed download:
['BHARTIARTL.NS']: YFRateLimitError('Too Many Requests. Rate limited. Try after a while.')

1 Failed download:
['BHARTIARTL.NS']: YFRateLimitError('Too Many Requests. Rate limited. Try after a while.')

1 Failed download:
['BHARTIARTL.NS']: YFRateLimitError('Too Many Requests. Rate limited. Try after a while.')
C:\Users\kpawa\AppData\Roaming\Python\Python313\site-packages\jwt\api_jwt.py:371: InsecureKeyLengthWarning:

The HMAC key is 25 bytes long, which is below the minimum recommended length of 32 bytes for SHA256. See RFC 7518 Section 3.2.


1 Failed download:
['BHARTIARTL.NS']: YFRateLimitError('Too Many Requests. Rate limited. Try after a while.')

1 Failed download:
['BHARTIARTL.NS']: YFRateLimitError('Too Many Requests. Rate limited. Try after a while.')

2 Failed downloads:
['BHARTIARTL.NS', 'HDFCBANK.NS']: YFRateLimitError('Too Many Requests. Rate limited. Try after a while.')

1 Failed download:
['HDFCBANK.NS']: YFRateLimitError('Too Many Requests. Rate limited. Try after a while.')

1 Failed download:
['BHARTIARTL.NS']: YFRateLimitError('Too Many Requests. Rate limited. Try after a while.')

1 Failed download:
['RELIANCE.NS']: YFRateLimitError('Too Many Requests. Rate limited. Try after a while.')

1 Failed download:
['BHARTIARTL.NS']: YFRateLimitError('Too Many Requests. Rate limited. Try after a while.')

2 Failed downloads:
['BHARTIARTL.NS', 'RELIANCE.NS']: YFRateLimitError('Too Many Requests. Rate limited. Try after a while.')

1 Failed download:
['HDFCBANK.NS']: YFRateLimitError('Too Many Requests. Rate limited. Try after a while.')

1 Failed download:
['HDFCBANK.NS']: YFRateLimitError('Too Many Requests. Rate limited. Try after a while.')

2 Failed downloads:
['HDFCBANK.NS', 'TCS.NS']: YFRateLimitError('Too Many Requests. Rate limited. Try after a while.')

1 Failed download:
['TCS.NS']: YFRateLimitError('Too Many Requests. Rate limited. Try after a while.')
C:\Users\kpawa\AppData\Roaming\Python\Python313\site-packages\jwt\api_jwt.py:371: InsecureKeyLengthWarning:

The HMAC key is 25 bytes long, which is below the minimum recommended length of 32 bytes for SHA256. See RFC 7518 Section 3.2.

[06/Mar/2026 14:44:19] "GET /api/portfolio-types/ HTTP/1.1" 200 222
[06/Mar/2026 14:44:19] "GET /api/portfolio-stocks/ HTTP/1.1" 200 1087
[06/Mar/2026 14:44:19] "GET /api/portfolio-types/ HTTP/1.1" 200 222
[06/Mar/2026 14:44:19] "GET /api/portfolio-stocks/ HTTP/1.1" 200 1087

1 Failed download:
['RELIANCE.NS']: YFRateLimitError('Too Many Requests. Rate limited. Try after a while.')
[06/Mar/2026 14:44:21] "GET /api/stock/risk-categorization/ HTTP/1.1" 200 785

1 Failed download:
['RELIANCE.NS']: YFRateLimitError('Too Many Requests. Rate limited. Try after a while.')

1 Failed download:
['BHARTIARTL.NS']: YFRateLimitError('Too Many Requests. Rate limited. Try after a while.')

1 Failed download:
['TCS.NS']: YFRateLimitError('Too Many Requests. Rate limited. Try after a while.')
C:\Users\kpawa\AppData\Roaming\Python\Python313\site-packages\jwt\api_jwt.py:371: InsecureKeyLengthWarning:

The HMAC key is 25 bytes long, which is below the minimum recommended length of 32 bytes for SHA256. See RFC 7518 Section 3.2.


2 Failed downloads:
['RELIANCE.NS', 'TCS.NS']: YFRateLimitError('Too Many Requests. Rate limited. Try after a while.')
[06/Mar/2026 14:44:52] "GET /api/stock/risk-categorization/ HTTP/1.1" 200 784

4 Failed downloads:
['RELIANCE.NS', 'TCS.NS', 'HDFCBANK.NS', 'BHARTIARTL.NS']: YFRateLimitError('Too Many Requests. Rate limited. Try after a while.')

4 Failed downloads:
['RELIANCE.NS', 'TCS.NS', 'HDFCBANK.NS', 'BHARTIARTL.NS']: YFRateLimitError('Too Many Requests. Rate limited. Try after a while.')

4 Failed downloads:
['RELIANCE.NS', 'TCS.NS', 'HDFCBANK.NS', 'BHARTIARTL.NS']: YFRateLimitError('Too Many Requests. Rate limited. Try after a while.')
[06/Mar/2026 14:45:22] "GET /api/portfolio/pe-comparison/ HTTP/1.1" 200 172
[06/Mar/2026 14:45:34] "GET /api/portfolio/pe-comparison/ HTTP/1.1" 200 172
C:\Users\kpawa\AppData\Roaming\Python\Python313\site-packages\jwt\api_jwt.py:371: InsecureKeyLengthWarning:

The HMAC key is 25 bytes long, which is below the minimum recommended length of 32 bytes for SHA256. See RFC 7518 Section 3.2.

[06/Mar/2026 14:47:12] "GET /api/portfolio-types/ HTTP/1.1" 200 222
[06/Mar/2026 14:47:12] "GET /api/portfolio-stocks/ HTTP/1.1" 200 1087
[06/Mar/2026 14:47:12] "GET /api/portfolio-types/ HTTP/1.1" 200 222
[06/Mar/2026 14:47:12] "GET /api/portfolio-stocks/ HTTP/1.1" 200 1087

4 Failed downloads:
['RELIANCE.NS', 'TCS.NS', 'HDFCBANK.NS', 'BHARTIARTL.NS']: YFRateLimitError('Too Many Requests. Rate limited. Try after a while.')
C:\Users\kpawa\AppData\Roaming\Python\Python313\site-packages\jwt\api_jwt.py:371: InsecureKeyLengthWarning:

The HMAC key is 25 bytes long, which is below the minimum recommended length of 32 bytes for SHA256. See RFC 7518 Section 3.2.


3 Failed downloads:
['HDFCBANK.NS', 'RELIANCE.NS', 'BHARTIARTL.NS']: YFRateLimitError('Too Many Requests. Rate limited. Try after a while.')

4 Failed downloads:
['HDFCBANK.NS', 'RELIANCE.NS', 'BHARTIARTL.NS', 'TCS.NS']: YFRateLimitError('Too Many Requests. Rate limited. Try after a while.')

4 Failed downloads:
['RELIANCE.NS', 'TCS.NS', 'HDFCBANK.NS', 'BHARTIARTL.NS']: YFRateLimitError('Too Many Requests. Rate limited. Try after a while.')
[06/Mar/2026 14:48:04] "GET /api/portfolio/pe-comparison/ HTTP/1.1" 200 172
[06/Mar/2026 14:48:26] "GET /api/portfolio/pe-comparison/ HTTP/1.1" 200 172
C:\Users\kpawa\AppData\Roaming\Python\Python313\site-packages\jwt\api_jwt.py:371: InsecureKeyLengthWarning:

The HMAC key is 25 bytes long, which is below the minimum recommended length of 32 bytes for SHA256. See RFC 7518 Section 3.2.

Unauthorized: /api/portfolio-types/
Unauthorized: /api/portfolio-stocks/
[06/Mar/2026 14:51:06] "GET /api/portfolio-types/ HTTP/1.1" 401 183
[06/Mar/2026 14:51:06] "GET /api/portfolio-stocks/ HTTP/1.1" 401 183
Unauthorized: /api/portfolio-types/
Unauthorized: /api/portfolio-stocks/
[06/Mar/2026 14:51:06] "GET /api/portfolio-types/ HTTP/1.1" 401 183
[06/Mar/2026 14:51:06] "GET /api/portfolio-stocks/ HTTP/1.1" 401 183
C:\Users\kpawa\AppData\Roaming\Python\Python313\site-packages\jwt\api_jwt.py:153: InsecureKeyLengthWarning:

The HMAC key is 25 bytes long, which is below the minimum recommended length of 32 bytes for SHA256. See RFC 7518 Section 3.2.

[06/Mar/2026 14:51:06] "POST /api/user/token/refresh/ HTTP/1.1" 200 242
[06/Mar/2026 14:51:06] "GET /api/portfolio-types/ HTTP/1.1" 200 222
[06/Mar/2026 14:51:06] "GET /api/portfolio-stocks/ HTTP/1.1" 200 1087
[06/Mar/2026 14:51:06] "GET /api/portfolio-types/ HTTP/1.1" 200 222
[06/Mar/2026 14:51:06] "GET /api/portfolio-stocks/ HTTP/1.1" 200 1087

3 Failed downloads:
['RELIANCE.NS', 'BHARTIARTL.NS', 'TCS.NS']: YFRateLimitError('Too Many Requests. Rate limited. Try after a while.')

2 Failed downloads:
['BHARTIARTL.NS', 'HDFCBANK.NS']: YFRateLimitError('Too Many Requests. Rate limited. Try after a while.')

2 Failed downloads:
['BHARTIARTL.NS', 'HDFCBANK.NS']: YFRateLimitError('Too Many Requests. Rate limited. Try after a while.')
C:\Users\kpawa\AppData\Roaming\Python\Python313\site-packages\jwt\api_jwt.py:371: InsecureKeyLengthWarning:

The HMAC key is 25 bytes long, which is below the minimum recommended length of 32 bytes for SHA256. See RFC 7518 Section 3.2.

C:\Users\kpawa\AppData\Roaming\Python\Python313\site-packages\jwt\api_jwt.py:371: InsecureKeyLengthWarning:

The HMAC key is 25 bytes long, which is below the minimum recommended length of 32 bytes for SHA256. See RFC 7518 Section 3.2.


2 Failed downloads:
['TCS.NS', 'BHARTIARTL.NS']: YFRateLimitError('Too Many Requests. Rate limited. Try after a while.')

2 Failed downloads:
['BHARTIARTL.NS', 'TCS.NS']: YFRateLimitError('Too Many Requests. Rate limited. Try after a while.')

1 Failed download:
['BHARTIARTL.NS']: YFRateLimitError('Too Many Requests. Rate limited. Try after a while.')

2 Failed downloads:
['BHARTIARTL.NS', 'HDFCBANK.NS']: YFRateLimitError('Too Many Requests. Rate limited. Try after a while.')

2 Failed downloads:
['BHARTIARTL.NS', 'HDFCBANK.NS']: YFRateLimitError('Too Many Requests. Rate limited. Try after a while.')

2 Failed downloads:
['BHARTIARTL.NS', 'HDFCBANK.NS']: YFRateLimitError('Too Many Requests. Rate limited. Try after a while.')

3 Failed downloads:
['RELIANCE.NS', 'HDFCBANK.NS', 'BHARTIARTL.NS']: YFRateLimitError('Too Many Requests. Rate limited. Try after a while.')

3 Failed downloads:
['RELIANCE.NS', 'HDFCBANK.NS', 'BHARTIARTL.NS']: YFRateLimitError('Too Many Requests. Rate limited. Try after a while.')

3 Failed downloads:
['TCS.NS', 'BHARTIARTL.NS', 'HDFCBANK.NS']: YFRateLimitError('Too Many Requests. Rate limited. Try after a while.')

3 Failed downloads:
['TCS.NS', 'BHARTIARTL.NS', 'HDFCBANK.NS']: YFRateLimitError('Too Many Requests. Rate limited. Try after a while.')

3 Failed downloads:
['TCS.NS', 'BHARTIARTL.NS', 'HDFCBANK.NS']: YFRateLimitError('Too Many Requests. Rate limited. Try after a while.')
[06/Mar/2026 14:52:18] "GET /api/portfolio/pe-comparison/ HTTP/1.1" 200 172

1 Failed download:
['RELIANCE.NS']: YFRateLimitError('Too Many Requests. Rate limited. Try after a while.')

1 Failed download:
['HDFCBANK.NS']: YFRateLimitError('Too Many Requests. Rate limited. Try after a while.')

2 Failed downloads:
['HDFCBANK.NS', 'RELIANCE.NS']: YFRateLimitError('Too Many Requests. Rate limited. Try after a while.')

2 Failed downloads:
['HDFCBANK.NS', 'RELIANCE.NS']: YFRateLimitError('Too Many Requests. Rate limited. Try after a while.')

1 Failed download:
['RELIANCE.NS']: YFRateLimitError('Too Many Requests. Rate limited. Try after a while.')
[06/Mar/2026 14:52:50] "GET /api/portfolio/pe-comparison/ HTTP/1.1" 200 172

1 Failed download:
['TCS.NS']: YFRateLimitError('Too Many Requests. Rate limited. Try after a while.')

1 Failed download:
['RELIANCE.NS']: YFRateLimitError('Too Many Requests. Rate limited. Try after a while.')

2 Failed downloads:
['RELIANCE.NS', 'TCS.NS']: YFRateLimitError('Too Many Requests. Rate limited. Try after a while.')
[06/Mar/2026 14:53:21] "GET /api/stock/risk-categorization/ HTTP/1.1" 200 786

1 Failed download:
['TCS.NS']: YFRateLimitError('Too Many Requests. Rate limited. Try after a while.')

1 Failed download:
['TCS.NS']: YFRateLimitError('Too Many Requests. Rate limited. Try after a while.')
[06/Mar/2026 14:53:32] "GET /api/stock/risk-categorization/ HTTP/1.1" 200 786
